TN:
SF:src/constants/bloodtype.ts
FNF:0
FNH:0
LF:0
LH:0
BRF:0
BRH:0
end_of_record
TN:
SF:src/constants/usertype.ts
FNF:0
FNH:0
DA:1,1
DA:12,1
DA:31,1
LF:3
LH:3
BRF:0
BRH:0
end_of_record
TN:
SF:src/helper/decryptBase64.ts
FN:1,(anonymous_0)
FNF:1
FNH:1
FNDA:3,(anonymous_0)
DA:1,1
DA:2,3
DA:3,3
LF:3
LH:3
BRF:0
BRH:0
end_of_record
TN:
SF:src/helper/device.ts
FN:1,(anonymous_0)
FNF:1
FNH:1
FNDA:4,(anonymous_0)
DA:1,2
DA:2,4
DA:3,4
DA:11,4
DA:17,2
LF:5
LH:5
BRDA:12,0,0,4
BRDA:12,0,1,0
BRDA:13,1,0,4
BRDA:13,1,1,0
BRF:4
BRH:2
end_of_record
TN:
SF:src/helper/deviceloaction.ts
FN:1,(anonymous_0)
FN:6,(anonymous_1)
FN:11,(anonymous_2)
FNF:3
FNH:2
FNDA:4,(anonymous_0)
FNDA:2,(anonymous_1)
FNDA:0,(anonymous_2)
DA:1,2
DA:2,4
DA:4,2
DA:5,2
DA:6,2
DA:8,2
DA:9,2
DA:10,2
DA:13,0
DA:22,2
DA:25,2
DA:31,2
LF:12
LH:11
BRDA:2,0,0,2
BRDA:2,0,1,2
BRF:2
BRH:2
end_of_record
TN:
SF:src/helper/encryptBase64.ts
FN:1,(anonymous_0)
FNF:1
FNH:1
FNDA:2,(anonymous_0)
DA:1,1
DA:2,2
LF:2
LH:2
BRF:0
BRH:0
end_of_record
TN:
SF:src/helper/snackMessage.ts
FN:4,(anonymous_0)
FN:7,(anonymous_1)
FNF:2
FNH:1
FNDA:2,(anonymous_0)
FNDA:0,(anonymous_1)
DA:4,1
DA:5,2
DA:7,0
LF:3
LH:2
BRDA:4,0,0,2
BRF:1
BRH:1
end_of_record
TN:
SF:src/hooks/useAppDispatch.ts
FNF:0
FNH:0
DA:4,1
LF:1
LH:1
BRF:0
BRH:0
end_of_record
TN:
SF:src/hooks/useAppSelector.ts
FNF:0
FNH:0
DA:4,1
LF:1
LH:1
BRF:0
BRH:0
end_of_record
TN:
SF:src/hooks/useDebounce.ts
FN:8,(anonymous_0)
FN:11,(anonymous_1)
FN:12,(anonymous_2)
FN:16,(anonymous_3)
FN:20,(anonymous_4)
FN:21,(anonymous_5)
FNF:6
FNH:6
FNDA:4,(anonymous_0)
FNDA:4,(anonymous_1)
FNDA:6,(anonymous_2)
FNDA:3,(anonymous_3)
FNDA:4,(anonymous_4)
FNDA:4,(anonymous_5)
DA:8,1
DA:9,4
DA:11,4
DA:12,4
DA:13,6
DA:14,2
DA:16,6
DA:20,4
DA:21,4
DA:22,4
DA:23,4
DA:28,4
LF:12
LH:12
BRDA:13,0,0,2
BRDA:13,0,1,4
BRDA:22,1,0,4
BRDA:22,1,1,0
BRF:4
BRH:3
end_of_record
TN:
SF:src/hooks/useMUITheme.ts
FN:3,(anonymous_0)
FNF:1
FNH:1
FNDA:1,(anonymous_0)
DA:3,1
DA:4,1
DA:5,1
LF:3
LH:3
BRF:0
BRH:0
end_of_record
TN:
SF:src/hooks/useQueryParams.ts
FN:4,useQueryParams
FN:7,(anonymous_1)
FN:10,(anonymous_2)
FNF:3
FNH:3
FNDA:3,useQueryParams
FNDA:3,(anonymous_1)
FNDA:3,(anonymous_2)
DA:5,3
DA:7,3
DA:8,3
DA:10,3
DA:11,3
DA:14,3
DA:17,3
LF:7
LH:7
BRF:0
BRH:0
end_of_record
TN:
SF:src/service/api.ts
FN:8,(anonymous_0)
FN:20,(anonymous_1)
FN:34,(anonymous_2)
FN:36,(anonymous_3)
FN:47,(anonymous_4)
FN:99,(anonymous_5)
FN:109,(anonymous_6)
FNF:7
FNH:7
FNDA:17,(anonymous_0)
FNDA:2,(anonymous_1)
FNDA:1,(anonymous_2)
FNDA:1,(anonymous_3)
FNDA:11,(anonymous_4)
FNDA:5,(anonymous_5)
FNDA:4,(anonymous_6)
DA:7,2
DA:8,2
DA:9,17
DA:20,17
DA:21,2
DA:22,2
DA:24,2
DA:25,2
DA:26,1
DA:29,2
DA:30,2
DA:32,0
DA:34,1
DA:36,17
DA:38,1
DA:46,1
DA:48,11
DA:49,11
DA:50,2
DA:51,9
DA:52,2
DA:53,2
DA:54,2
DA:55,2
DA:56,2
DA:57,2
DA:61,2
DA:62,1
DA:63,1
DA:64,1
DA:65,1
DA:66,1
DA:68,1
DA:69,1
DA:72,1
DA:77,7
DA:78,1
DA:79,6
DA:81,6
DA:82,1
DA:83,5
DA:84,1
DA:85,4
DA:86,1
DA:87,3
DA:88,1
DA:89,2
DA:90,1
DA:92,3
DA:94,17
DA:97,2
DA:99,2
DA:100,5
DA:101,5
DA:102,5
DA:103,5
DA:105,5
DA:106,4
DA:109,4
DA:111,4
DA:113,1
LF:61
LH:60
BRDA:7,0,0,2
BRDA:7,0,1,2
BRDA:25,1,0,1
BRDA:25,1,1,1
BRDA:49,2,0,2
BRDA:49,2,1,9
BRDA:49,3,0,11
BRDA:49,3,1,2
BRDA:51,4,0,2
BRDA:51,4,1,7
BRDA:53,5,0,2
BRDA:53,5,1,0
BRDA:53,6,0,2
BRDA:53,6,1,2
BRDA:61,7,0,1
BRDA:61,7,1,1
BRDA:61,8,0,2
BRDA:61,8,1,1
BRDA:77,9,0,1
BRDA:77,9,1,6
BRDA:78,10,0,1
BRDA:78,10,1,0
BRDA:79,11,0,0
BRDA:79,11,1,6
BRDA:81,12,0,1
BRDA:81,12,1,5
BRDA:82,13,0,1
BRDA:82,13,1,0
BRDA:83,14,0,1
BRDA:83,14,1,4
BRDA:85,15,0,1
BRDA:85,15,1,3
BRDA:87,16,0,1
BRDA:87,16,1,2
BRDA:89,17,0,1
BRDA:89,17,1,1
BRDA:103,18,0,5
BRDA:103,18,1,4
BRDA:105,19,0,4
BRDA:105,19,1,1
BRDA:113,20,0,1
BRDA:113,20,1,1
BRDA:113,20,2,0
BRF:43
BRH:38
end_of_record
TN:
SF:src/service/index.ts
FN:6,userlogin
FN:9,getDepartments
FN:12,getuserprofile
FN:16,onboardUser
FN:19,getCities
FN:22,getRoles
FN:25,updateAdminUser
FN:28,getUsers
FN:35,createDepartment
FN:38,updateDepartment
FN:41,getAdminUsers
FN:44,getBenchUsers
FN:47,updateUserStatus
FN:50,getManagerUsers
FN:53,getCourses
FN:56,deleteCourse
FN:59,addCourse
FN:62,assignCourse
FN:65,updateAssignedCourse
FN:68,getAssignedCourses
FN:71,getLearningJourneys
FNF:21
FNH:21
FNDA:1,userlogin
FNDA:1,getDepartments
FNDA:1,getuserprofile
FNDA:1,onboardUser
FNDA:1,getCities
FNDA:1,getRoles
FNDA:1,updateAdminUser
FNDA:1,getUsers
FNDA:1,createDepartment
FNDA:1,updateDepartment
FNDA:1,getAdminUsers
FNDA:1,getBenchUsers
FNDA:1,updateUserStatus
FNDA:1,getManagerUsers
FNDA:1,getCourses
FNDA:1,deleteCourse
FNDA:1,addCourse
FNDA:1,assignCourse
FNDA:1,updateAssignedCourse
FNDA:1,getAssignedCourses
FNDA:1,getLearningJourneys
DA:7,1
DA:10,1
DA:13,1
DA:17,1
DA:20,1
DA:23,1
DA:26,1
DA:29,1
DA:30,1
DA:36,1
DA:39,1
DA:42,1
DA:45,1
DA:48,1
DA:51,1
DA:54,1
DA:57,1
DA:60,1
DA:63,1
DA:66,1
DA:69,1
DA:72,1
LF:22
LH:22
BRDA:29,0,0,1
BRDA:29,0,1,0
BRDA:44,1,0,1
BRDA:53,2,0,1
BRDA:53,3,0,1
BRDA:71,4,0,1
BRF:6
BRH:5
end_of_record
TN:
SF:src/shared/constants/event.ts
FNF:0
FNH:0
DA:9,1
LF:1
LH:1
BRF:0
BRH:0
end_of_record
TN:
SF:src/shared/helpers/array.ts
FN:48,getFilledArray
FN:52,updateIndex
FN:53,(anonymous_2)
FN:56,joinArrayStrings
FN:60,append
FN:64,mergeArrayStringFromIndex
FN:65,(anonymous_6)
FNF:7
FNH:7
FNDA:3,getFilledArray
FNDA:2,updateIndex
FNDA:6,(anonymous_2)
FNDA:2,joinArrayStrings
FNDA:13,append
FNDA:4,mergeArrayStringFromIndex
FNDA:11,(anonymous_6)
DA:49,3
DA:53,6
DA:57,2
DA:61,13
DA:65,4
DA:67,11
DA:68,11
DA:69,3
DA:72,8
DA:73,8
LF:10
LH:10
BRDA:49,0,0,2
BRDA:49,0,1,1
BRDA:53,1,0,2
BRDA:53,1,1,4
BRDA:68,2,0,3
BRDA:68,2,1,8
BRDA:73,3,0,8
BRDA:73,3,1,1
BRF:8
BRH:8
end_of_record
TN:
SF:src/shared/helpers/string.ts
FN:1,split
FNF:1
FNH:1
FNDA:4,split
DA:2,4
LF:1
LH:1
BRF:0
BRH:0
end_of_record
TN:
SF:src/shared/hooks/useEvent.ts
FN:22,useEvent
FN:25,(anonymous_1)
FN:29,(anonymous_2)
FNF:3
FNH:3
FNDA:4,useEvent
FNDA:4,(anonymous_1)
FNDA:4,(anonymous_2)
DA:23,4
DA:25,4
DA:26,4
DA:29,4
DA:30,4
DA:31,1
DA:33,3
LF:7
LH:7
BRDA:30,0,0,1
BRDA:30,0,1,3
BRF:2
BRH:2
end_of_record
TN:
SF:src/storagemanager/encryptData.ts
FN:3,(anonymous_0)
FN:7,(anonymous_1)
FNF:2
FNH:2
FNDA:9,(anonymous_0)
FNDA:9,(anonymous_1)
DA:3,2
DA:4,9
DA:7,2
DA:8,9
DA:9,9
DA:10,9
DA:12,4
LF:7
LH:7
BRF:0
BRH:0
end_of_record
TN:
SF:src/storagemanager/index.ts
FN:7,setAccessToken
FN:16,getAccessToken
FN:26,setRefreshToken
FN:35,getRefreshToken
FN:45,setProfile
FN:54,getProfile
FN:65,appLogout
FN:69,removeItems
FNF:8
FNH:8
FNDA:1,setAccessToken
FNDA:1,getAccessToken
FNDA:1,setRefreshToken
FNDA:1,getRefreshToken
FNDA:1,setProfile
FNDA:1,getProfile
FNDA:1,appLogout
FNDA:1,removeItems
DA:4,1
DA:8,2
DA:9,2
DA:10,2
DA:12,0
DA:17,4
DA:18,4
DA:19,4
DA:20,2
DA:22,0
DA:27,2
DA:28,2
DA:29,2
DA:31,0
DA:36,3
DA:37,3
DA:38,3
DA:39,1
DA:41,0
DA:46,1
DA:47,1
DA:48,1
DA:50,0
DA:55,3
DA:56,3
DA:57,3
DA:58,2
DA:59,2
DA:61,0
DA:66,1
DA:70,1
LF:31
LH:25
BRDA:19,0,0,2
BRDA:19,0,1,2
BRDA:38,1,0,2
BRDA:38,1,1,1
BRDA:57,2,0,1
BRDA:57,2,1,2
BRF:6
BRH:6
end_of_record
TN:
SF:src/store/reducer/AdminProfile.ts
FN:38,(anonymous_0)
FN:50,(anonymous_1)
FNF:2
FNH:2
FNDA:3,(anonymous_0)
FNDA:1,(anonymous_1)
DA:22,3
DA:34,3
DA:39,3
DA:40,3
DA:41,3
DA:42,3
DA:43,3
DA:44,3
DA:45,3
DA:46,3
DA:47,3
DA:48,3
DA:50,1
DA:55,3
LF:14
LH:14
BRF:0
BRH:0
end_of_record
TN:
SF:src/store/reducer/AuthHelper.ts
FN:16,(anonymous_0)
FN:19,(anonymous_1)
FNF:2
FNH:2
FNDA:2,(anonymous_0)
FNDA:2,(anonymous_1)
DA:7,4
DA:12,4
DA:17,2
DA:20,2
DA:26,4
LF:5
LH:5
BRF:0
BRH:0
end_of_record
TN:
SF:src/utils/buildQueryParams.ts
FN:27,(anonymous_0)
FN:29,(anonymous_1)
FNF:2
FNH:2
FNDA:8,(anonymous_0)
FNDA:8,(anonymous_1)
DA:27,1
DA:28,8
DA:30,8
DA:31,8
LF:4
LH:4
BRDA:30,0,0,1
BRDA:30,0,1,7
BRF:2
BRH:2
end_of_record
TN:
SF:src/utils/calculateAge.ts
FN:11,(anonymous_0)
FN:33,(anonymous_1)
FNF:2
FNH:2
FNDA:3,(anonymous_0)
FNDA:6,(anonymous_1)
DA:11,1
DA:12,3
DA:13,3
DA:14,3
DA:33,1
DA:34,6
DA:35,6
DA:37,6
DA:38,6
DA:39,6
DA:41,6
DA:43,6
DA:45,6
LF:13
LH:13
BRDA:41,0,0,5
BRDA:41,0,1,1
BRDA:41,1,0,6
BRDA:41,1,1,0
BRDA:41,2,0,6
BRDA:41,2,1,0
BRDA:43,3,0,6
BRDA:43,3,1,4
BRF:8
BRH:6
end_of_record
TN:
SF:src/utils/checkDateStatus.ts
FN:1,checkDateStatus
FNF:1
FNH:1
FNDA:4,checkDateStatus
DA:2,4
DA:3,4
DA:6,4
DA:7,4
DA:9,4
DA:10,1
DA:11,3
DA:12,1
DA:14,2
DA:15,2
DA:16,2
LF:11
LH:11
BRDA:9,0,0,1
BRDA:9,0,1,3
BRDA:11,1,0,1
BRDA:11,1,1,2
BRF:4
BRH:4
end_of_record
TN:
SF:src/utils/colorUtils.ts
FN:78,hexToRgbChannel
FN:84,(anonymous_1)
FN:106,extendPaletteWithChannels
FN:111,(anonymous_3)
FN:129,withAlpha
FNF:5
FNH:5
FNDA:8,hexToRgbChannel
FNDA:7,(anonymous_1)
FNDA:4,extendPaletteWithChannels
FNDA:4,(anonymous_3)
FNDA:4,withAlpha
DA:79,8
DA:81,8
DA:82,2
DA:84,7
DA:88,8
DA:89,2
DA:92,6
DA:93,6
DA:94,6
DA:96,6
DA:109,4
DA:111,4
DA:112,4
DA:114,2
DA:115,2
DA:116,1
DA:120,4
DA:131,4
DA:132,2
DA:139,2
DA:140,1
DA:146,1
LF:22
LH:22
BRDA:81,0,0,2
BRDA:81,0,1,6
BRDA:81,1,0,8
BRDA:81,1,1,7
BRDA:88,2,0,2
BRDA:88,2,1,6
BRDA:88,3,0,8
BRDA:88,3,1,4
BRDA:112,4,0,2
BRDA:112,4,1,2
BRDA:112,5,0,4
BRDA:112,5,1,3
BRDA:115,6,0,1
BRDA:115,6,1,1
BRDA:115,7,0,2
BRDA:115,7,1,1
BRDA:131,8,0,2
BRDA:131,8,1,2
BRDA:139,9,0,1
BRDA:139,9,1,1
BRF:20
BRH:20
end_of_record
TN:
SF:src/utils/formatNumber.ts
FN:1,(anonymous_0)
FNF:1
FNH:1
FNDA:10,(anonymous_0)
DA:1,1
DA:2,10
DA:4,7
DA:5,7
DA:6,7
DA:8,7
DA:9,14
DA:10,14
DA:13,7
LF:9
LH:9
BRDA:1,0,0,10
BRDA:2,1,0,3
BRDA:2,1,1,7
BRDA:8,2,0,7
BRDA:8,2,1,14
BRF:5
BRH:5
end_of_record
TN:
SF:src/utils/hexToRgbColor.ts
FN:1,hexToRgbColor
FNF:1
FNH:1
FNDA:5,hexToRgbColor
DA:3,5
DA:5,5
DA:6,5
DA:7,5
DA:8,5
DA:9,5
LF:6
LH:6
BRF:0
BRH:0
end_of_record
TN:
SF:src/utils/scrollToTop.ts
FN:1,(anonymous_0)
FNF:1
FNH:1
FNDA:1,(anonymous_0)
DA:1,1
DA:2,1
LF:2
LH:2
BRF:0
BRH:0
end_of_record
